<?xml version="1.0" encoding="UTF-8"?>
<testng-results ignored="0" total="4" passed="3" failed="1" skipped="0">
  <reporter-output>
  </reporter-output>
  <suite started-at="2022-08-07T10:41:09 IST" name="Suite" finished-at="2022-08-07T10:41:58 IST" duration-ms="49052">
    <groups>
    </groups>
    <test started-at="2022-08-07T10:41:09 IST" name="Test" finished-at="2022-08-07T10:41:58 IST" duration-ms="49052">
      <class name="com.SauceDemo.TestClasses.TC04VerifyMultipleProductAddToCarFunctionality">
        <test-method is-config="true" signature="setUp(java.lang.String)[pri:0, instance:com.SauceDemo.TestClasses.TC04VerifyMultipleProductAddToCarFunctionality@3d5c822d]" started-at="2022-08-07T10:41:47 IST" name="setUp" finished-at="2022-08-07T10:41:57 IST" duration-ms="9894" status="PASS">
          <params>
            <param index="0">
              <value>
                <![CDATA[chrome]]>
              </value>
            </param>
          </params>
          <reporter-output>
          </reporter-output>
        </test-method> <!-- setUp -->
        <test-method signature="verifyMultipleProductAddToCart()[pri:0, instance:com.SauceDemo.TestClasses.TC04VerifyMultipleProductAddToCarFunctionality@3d5c822d]" started-at="2022-08-07T10:41:57 IST" name="verifyMultipleProductAddToCart" finished-at="2022-08-07T10:41:58 IST" duration-ms="1096" status="FAIL">
          <exception class="java.lang.AssertionError">
            <message>
              <![CDATA[expected [6] but found [3]]]>
            </message>
            <full-stacktrace>
              <![CDATA[java.lang.AssertionError: expected [6] but found [3]
at org.testng.Assert.fail(Assert.java:99)
at org.testng.Assert.failNotEquals(Assert.java:1037)
at org.testng.Assert.assertEqualsImpl(Assert.java:140)
at org.testng.Assert.assertEquals(Assert.java:122)
at org.testng.Assert.assertEquals(Assert.java:629)
at org.testng.Assert.assertEquals(Assert.java:639)
at com.SauceDemo.TestClasses.TC04VerifyMultipleProductAddToCarFunctionality.verifyMultipleProductAddToCart(TC04VerifyMultipleProductAddToCarFunctionality.java:29)
at java.base/jdk.internal.reflect.NativeMethodAccessorImpl.invoke0(Native Method)
at java.base/jdk.internal.reflect.NativeMethodAccessorImpl.invoke(NativeMethodAccessorImpl.java:77)
at java.base/jdk.internal.reflect.DelegatingMethodAccessorImpl.invoke(DelegatingMethodAccessorImpl.java:43)
at java.base/java.lang.reflect.Method.invoke(Method.java:568)
at org.testng.internal.MethodInvocationHelper.invokeMethod(MethodInvocationHelper.java:133)
at org.testng.internal.TestInvoker.invokeMethod(TestInvoker.java:598)
at org.testng.internal.TestInvoker.invokeTestMethod(TestInvoker.java:173)
at org.testng.internal.MethodRunner.runInSequence(MethodRunner.java:46)
at org.testng.internal.TestInvoker$MethodInvocationAgent.invoke(TestInvoker.java:824)
at org.testng.internal.TestInvoker.invokeTestMethods(TestInvoker.java:146)
at org.testng.internal.TestMethodWorker.invokeTestMethods(TestMethodWorker.java:146)
at org.testng.internal.TestMethodWorker.run(TestMethodWorker.java:128)
at java.base/java.util.ArrayList.forEach(ArrayList.java:1511)
at org.testng.TestRunner.privateRun(TestRunner.java:794)
at org.testng.TestRunner.run(TestRunner.java:596)
at org.testng.SuiteRunner.runTest(SuiteRunner.java:377)
at org.testng.SuiteRunner.runSequentially(SuiteRunner.java:371)
at org.testng.SuiteRunner.privateRun(SuiteRunner.java:332)
at org.testng.SuiteRunner.run(SuiteRunner.java:276)
at org.testng.SuiteRunnerWorker.runSuite(SuiteRunnerWorker.java:53)
at org.testng.SuiteRunnerWorker.run(SuiteRunnerWorker.java:96)
at org.testng.TestNG.runSuitesSequentially(TestNG.java:1212)
at org.testng.TestNG.runSuitesLocally(TestNG.java:1134)
at org.testng.TestNG.runSuites(TestNG.java:1063)
at org.testng.TestNG.run(TestNG.java:1031)
at org.testng.remote.AbstractRemoteTestNG.run(AbstractRemoteTestNG.java:115)
at org.testng.remote.RemoteTestNG.initAndRun(RemoteTestNG.java:251)
at org.testng.remote.RemoteTestNG.main(RemoteTestNG.java:77)
]]>
            </full-stacktrace>
          </exception> <!-- java.lang.AssertionError -->
          <reporter-output>
          </reporter-output>
        </test-method> <!-- verifyMultipleProductAddToCart -->
        <test-method is-config="true" signature="tearDown()[pri:0, instance:com.SauceDemo.TestClasses.TC04VerifyMultipleProductAddToCarFunctionality@3d5c822d]" started-at="2022-08-07T10:41:58 IST" name="tearDown" finished-at="2022-08-07T10:41:58 IST" duration-ms="629" status="PASS">
          <reporter-output>
          </reporter-output>
        </test-method> <!-- tearDown -->
      </class> <!-- com.SauceDemo.TestClasses.TC04VerifyMultipleProductAddToCarFunctionality -->
      <class name="com.SauceDemo.TestClasses.TC01VerifyLoginFunctionality">
        <test-method is-config="true" signature="setUp(java.lang.String)[pri:0, instance:com.SauceDemo.TestClasses.TC01VerifyLoginFunctionality@759d26fb]" started-at="2022-08-07T10:41:27 IST" name="setUp" finished-at="2022-08-07T10:41:37 IST" duration-ms="9234" status="PASS">
          <params>
            <param index="0">
              <value>
                <![CDATA[chrome]]>
              </value>
            </param>
          </params>
          <reporter-output>
          </reporter-output>
        </test-method> <!-- setUp -->
        <test-method signature="verifyLogin()[pri:0, instance:com.SauceDemo.TestClasses.TC01VerifyLoginFunctionality@759d26fb]" started-at="2022-08-07T10:41:37 IST" name="verifyLogin" finished-at="2022-08-07T10:41:37 IST" duration-ms="105" status="PASS">
          <reporter-output>
          </reporter-output>
        </test-method> <!-- verifyLogin -->
        <test-method is-config="true" signature="tearDown()[pri:0, instance:com.SauceDemo.TestClasses.TC01VerifyLoginFunctionality@759d26fb]" started-at="2022-08-07T10:41:37 IST" name="tearDown" finished-at="2022-08-07T10:41:37 IST" duration-ms="694" status="PASS">
          <reporter-output>
          </reporter-output>
        </test-method> <!-- tearDown -->
      </class> <!-- com.SauceDemo.TestClasses.TC01VerifyLoginFunctionality -->
      <class name="com.SauceDemo.TestClasses.TC02VerifyLogOutFunctionality">
        <test-method is-config="true" signature="setUp(java.lang.String)[pri:0, instance:com.SauceDemo.TestClasses.TC02VerifyLogOutFunctionality@29e495ff]" started-at="2022-08-07T10:41:10 IST" name="setUp" finished-at="2022-08-07T10:41:25 IST" duration-ms="15593" status="PASS">
          <params>
            <param index="0">
              <value>
                <![CDATA[chrome]]>
              </value>
            </param>
          </params>
          <reporter-output>
          </reporter-output>
        </test-method> <!-- setUp -->
        <test-method signature="verifyLogOut()[pri:0, instance:com.SauceDemo.TestClasses.TC02VerifyLogOutFunctionality@29e495ff]" started-at="2022-08-07T10:41:25 IST" name="verifyLogOut" finished-at="2022-08-07T10:41:27 IST" duration-ms="1490" status="PASS">
          <reporter-output>
          </reporter-output>
        </test-method> <!-- verifyLogOut -->
        <test-method is-config="true" signature="tearDown()[pri:0, instance:com.SauceDemo.TestClasses.TC02VerifyLogOutFunctionality@29e495ff]" started-at="2022-08-07T10:41:27 IST" name="tearDown" finished-at="2022-08-07T10:41:27 IST" duration-ms="671" status="PASS">
          <reporter-output>
          </reporter-output>
        </test-method> <!-- tearDown -->
      </class> <!-- com.SauceDemo.TestClasses.TC02VerifyLogOutFunctionality -->
      <class name="com.SauceDemo.TestClasses.TC03VerifyBagProductAddToCartFunctionality">
        <test-method is-config="true" signature="setUp(java.lang.String)[pri:0, instance:com.SauceDemo.TestClasses.TC03VerifyBagProductAddToCartFunctionality@3c73951]" started-at="2022-08-07T10:41:37 IST" name="setUp" finished-at="2022-08-07T10:41:46 IST" duration-ms="8485" status="PASS">
          <params>
            <param index="0">
              <value>
                <![CDATA[chrome]]>
              </value>
            </param>
          </params>
          <reporter-output>
          </reporter-output>
        </test-method> <!-- setUp -->
        <test-method signature="verifyBagProductAddToCart()[pri:0, instance:com.SauceDemo.TestClasses.TC03VerifyBagProductAddToCartFunctionality@3c73951]" started-at="2022-08-07T10:41:46 IST" name="verifyBagProductAddToCart" finished-at="2022-08-07T10:41:46 IST" duration-ms="290" status="PASS">
          <reporter-output>
          </reporter-output>
        </test-method> <!-- verifyBagProductAddToCart -->
        <test-method is-config="true" signature="tearDown()[pri:0, instance:com.SauceDemo.TestClasses.TC03VerifyBagProductAddToCartFunctionality@3c73951]" started-at="2022-08-07T10:41:46 IST" name="tearDown" finished-at="2022-08-07T10:41:47 IST" duration-ms="666" status="PASS">
          <reporter-output>
          </reporter-output>
        </test-method> <!-- tearDown -->
      </class> <!-- com.SauceDemo.TestClasses.TC03VerifyBagProductAddToCartFunctionality -->
    </test> <!-- Test -->
  </suite> <!-- Suite -->
</testng-results>
